<?xml version="1.0" encoding="UTF-8"?>
<coverage generated="1517308797420" clover="3.2.0">
  <project timestamp="1517308797420" name="All files">
    <metrics statements="1" coveredstatements="1" conditionals="2" coveredconditionals="1" methods="2" coveredmethods="2" elements="5" coveredelements="4" complexity="0" loc="1" ncloc="1" packages="2" files="2" classes="2">
      <package name="src">
        <metrics statements="1" coveredstatements="1" conditionals="1" coveredconditionals="1" methods="1" coveredmethods="1"/>
        <file name="amadeus.js" path="/Users/cbetta/code/workbetta/amadeus-node/src/amadeus.js">
          <metrics statements="1" coveredstatements="1" conditionals="1" coveredconditionals="1" methods="1" coveredmethods="1"/>
          <line num="5" count="1" type="stmt"/>
        </file>
      </package>
      <package name="src.amadeus">
        <metrics statements="0" coveredstatements="0" conditionals="1" coveredconditionals="0" methods="1" coveredmethods="1"/>
        <file name="client.js" path="/Users/cbetta/code/workbetta/amadeus-node/src/amadeus/client.js">
          <metrics statements="0" coveredstatements="0" conditionals="1" coveredconditionals="0" methods="1" coveredmethods="1"/>
        </file>
      </package>
    </metrics>
  </project>
</coverage>
